{"name": "Test Case 04: Convert from celsius to fahrenheit", "status": "failed", "statusDetails": {"message": "AssertionError: Equality Verification FAILED, actual:  is not Equals to expected: 50.0", "trace": "self = <TestCases.test_Electron.Test_ElectronMyApp object at 0x0000018377C85270>\n\n    @allure.title(\"Test Case 04: Convert from celsius to fahrenheit\")\n    @allure.description(\"This test converts from celsius to fahrenheit\")\n    def test_TC04CelToFahr(self):\n        LogMessage(message=\"Test Case 04: Convert from celsius to fahrenheit\")\n>       ElectronFlows.FromCelsiusToFahrenheitFlow(\"10\")\n\ntest_Electron.py:45: \n_ _ _ _ _ _ _ _ _ _ _ _ _ _ _ _ _ _ _ _ _ _ _ _ _ _ _ _ _ _ _ _ _ _ _ _ _ _ _ _ _ _ _ _ _ _ _ _ _ _ _ _ _ _ _ _ _ _ _ _ _ _ _ _ _ _ _ _ _ _ _ _ _ _ _ _ _ _ _ _ _ _ _ _\n..\\Workflows\\ElectronFlows.py:51: in FromCelsiusToFahrenheitFlow\n    Verifications.VerifyEquals(str(result), str(expected))\n_ _ _ _ _ _ _ _ _ _ _ _ _ _ _ _ _ _ _ _ _ _ _ _ _ _ _ _ _ _ _ _ _ _ _ _ _ _ _ _ _ _ _ _ _ _ _ _ _ _ _ _ _ _ _ _ _ _ _ _ _ _ _ _ _ _ _ _ _ _ _ _ _ _ _ _ _ _ _ _ _ _ _ _\n\nactual = '', expected = '50.0'\n\n    @staticmethod\n    @allure.step(\"Equality Verification\")\n    def VerifyEquals(actual, expected):\n        LogMessage(message=f\"Verifying {actual} equals to {expected} ?\")\n>       assert actual == expected, \"Equality Verification FAILED, actual: \" + str(\n            actual) + \" is not Equals to expected: \" + str(expected)\nE       AssertionError: Equality Verification FAILED, actual:  is not Equals to expected: 50.0\n\n..\\Extensions\\Verifications.py:26: AssertionError"}, "description": "This test converts from celsius to fahrenheit", "steps": [{"name": "Conversion from Celsius to Fahrenheit flow", "status": "failed", "statusDetails": {"message": "AssertionError: Equality Verification FAILED, actual:  is not Equals to expected: 50.0\n", "trace": "  File \"D:\\AtidAutomation\\FullStackFinalProject\\venv\\lib\\site-packages\\allure_commons\\_allure.py\", line 180, in impl\n    return func(*a, **kw)\n  File \"D:\\AtidAutomation\\FullStackFinalProject\\Workflows\\ElectronFlows.py\", line 51, in FromCelsiusToFahrenheitFlow\n    Verifications.VerifyEquals(str(result), str(expected))\n  File \"D:\\AtidAutomation\\FullStackFinalProject\\venv\\lib\\site-packages\\allure_commons\\_allure.py\", line 180, in impl\n    return func(*a, **kw)\n  File \"D:\\AtidAutomation\\FullStackFinalProject\\Extensions\\Verifications.py\", line 26, in VerifyEquals\n    assert actual == expected, \"Equality Verification FAILED, actual: \" + str(\n"}, "steps": [{"name": "Clear field", "status": "passed", "parameters": [{"name": "elem", "value": "<selenium.webdriver.remote.webelement.WebElement (session=\"ee16e34315afb57780575dc727aaf447\", element=\"0.25844821465864376-4\")>"}], "start": 1666691223158, "stop": 1666691223168}, {"name": "Updating text", "status": "passed", "parameters": [{"name": "elem", "value": "<selenium.webdriver.remote.webelement.WebElement (session=\"ee16e34315afb57780575dc727aaf447\", element=\"0.25844821465864376-4\")>"}, {"name": "value", "value": "'10'"}], "start": 1666691223178, "stop": 1666691223208}, {"name": "Equality Verification", "status": "failed", "statusDetails": {"message": "AssertionError: Equality Verification FAILED, actual:  is not Equals to expected: 50.0\n", "trace": "  File \"D:\\AtidAutomation\\FullStackFinalProject\\venv\\lib\\site-packages\\allure_commons\\_allure.py\", line 180, in impl\n    return func(*a, **kw)\n  File \"D:\\AtidAutomation\\FullStackFinalProject\\Extensions\\Verifications.py\", line 26, in VerifyEquals\n    assert actual == expected, \"Equality Verification FAILED, actual: \" + str(\n"}, "parameters": [{"name": "actual", "value": "''"}, {"name": "expected", "value": "'50.0'"}], "start": 1666691223227, "stop": 1666691223228}], "parameters": [{"name": "degrees", "value": "'10'"}], "start": 1666691223150, "stop": 1666691223232}], "attachments": [{"source": "a406e850-dba3-47a9-8fef-54f6fb8f0cfa-attachment.png", "type": "image/png"}], "start": 1666691223150, "stop": 1666691223232, "uuid": "ef0b1ace-b39f-4ff0-a4f7-a4e7948feb57", "historyId": "ce6dc2fbca7699960ba78c3cc16262b2", "testCaseId": "49732f88c618a188d4032f0cbb148822", "fullName": "TestCases.test_Electron.Test_ElectronMyApp#test_TC04CelToFahr", "labels": [{"name": "tag", "value": "@pytest.mark.usefixtures('InitElectronDriver')"}, {"name": "parentSuite", "value": "TestCases"}, {"name": "suite", "value": "test_Electron"}, {"name": "subSuite", "value": "Test_ElectronMyApp"}, {"name": "host", "value": "DESKTOP-4TIB2C1"}, {"name": "thread", "value": "14184-MainThread"}, {"name": "framework", "value": "pytest"}, {"name": "language", "value": "cpython3"}, {"name": "package", "value": "TestCases.test_Electron"}]}