{"name": "Test Case 05: Convert from fahrenheit to celsius", "status": "failed", "statusDetails": {"message": "AssertionError: Equality Verification FAILED, actual:  is not Equals to expected: 10.0", "trace": "self = <TestCases.test_Electron.Test_ElectronMyApp object at 0x0000018377C85240>\n\n    @allure.title(\"Test Case 05: Convert from fahrenheit to celsius\")\n    @allure.description(\"This test converts from fahrenheit to celsius\")\n    def test_TC04FahrToCel(self):\n        LogMessage(message=\"Test Case 05: Convert from fahrenheit to celsius\")\n>       ElectronFlows.FromFahrenheitToCelsiusFlow(\"50\")\n\ntest_Electron.py:51: \n_ _ _ _ _ _ _ _ _ _ _ _ _ _ _ _ _ _ _ _ _ _ _ _ _ _ _ _ _ _ _ _ _ _ _ _ _ _ _ _ _ _ _ _ _ _ _ _ _ _ _ _ _ _ _ _ _ _ _ _ _ _ _ _ _ _ _ _ _ _ _ _ _ _ _ _ _ _ _ _ _ _ _ _\n..\\Workflows\\ElectronFlows.py:61: in FromFahrenheitToCelsiusFlow\n    Verifications.VerifyEquals(str(result), str(expected))\n_ _ _ _ _ _ _ _ _ _ _ _ _ _ _ _ _ _ _ _ _ _ _ _ _ _ _ _ _ _ _ _ _ _ _ _ _ _ _ _ _ _ _ _ _ _ _ _ _ _ _ _ _ _ _ _ _ _ _ _ _ _ _ _ _ _ _ _ _ _ _ _ _ _ _ _ _ _ _ _ _ _ _ _\n\nactual = '', expected = '10.0'\n\n    @staticmethod\n    @allure.step(\"Equality Verification\")\n    def VerifyEquals(actual, expected):\n        LogMessage(message=f\"Verifying {actual} equals to {expected} ?\")\n>       assert actual == expected, \"Equality Verification FAILED, actual: \" + str(\n            actual) + \" is not Equals to expected: \" + str(expected)\nE       AssertionError: Equality Verification FAILED, actual:  is not Equals to expected: 10.0\n\n..\\Extensions\\Verifications.py:26: AssertionError"}, "description": "This test converts from fahrenheit to celsius", "steps": [{"name": "Conversion from Fahrenheit to Celsius flow", "status": "failed", "statusDetails": {"message": "AssertionError: Equality Verification FAILED, actual:  is not Equals to expected: 10.0\n", "trace": "  File \"D:\\AtidAutomation\\FullStackFinalProject\\venv\\lib\\site-packages\\allure_commons\\_allure.py\", line 180, in impl\n    return func(*a, **kw)\n  File \"D:\\AtidAutomation\\FullStackFinalProject\\Workflows\\ElectronFlows.py\", line 61, in FromFahrenheitToCelsiusFlow\n    Verifications.VerifyEquals(str(result), str(expected))\n  File \"D:\\AtidAutomation\\FullStackFinalProject\\venv\\lib\\site-packages\\allure_commons\\_allure.py\", line 180, in impl\n    return func(*a, **kw)\n  File \"D:\\AtidAutomation\\FullStackFinalProject\\Extensions\\Verifications.py\", line 26, in VerifyEquals\n    assert actual == expected, \"Equality Verification FAILED, actual: \" + str(\n"}, "steps": [{"name": "Clear field", "status": "passed", "parameters": [{"name": "elem", "value": "<selenium.webdriver.remote.webelement.WebElement (session=\"ee16e34315afb57780575dc727aaf447\", element=\"0.25844821465864376-5\")>"}], "start": 1666691223814, "stop": 1666691223825}, {"name": "Updating text", "status": "passed", "parameters": [{"name": "elem", "value": "<selenium.webdriver.remote.webelement.WebElement (session=\"ee16e34315afb57780575dc727aaf447\", element=\"0.25844821465864376-5\")>"}, {"name": "value", "value": "'50'"}], "start": 1666691223832, "stop": 1666691223868}, {"name": "Equality Verification", "status": "failed", "statusDetails": {"message": "AssertionError: Equality Verification FAILED, actual:  is not Equals to expected: 10.0\n", "trace": "  File \"D:\\AtidAutomation\\FullStackFinalProject\\venv\\lib\\site-packages\\allure_commons\\_allure.py\", line 180, in impl\n    return func(*a, **kw)\n  File \"D:\\AtidAutomation\\FullStackFinalProject\\Extensions\\Verifications.py\", line 26, in VerifyEquals\n    assert actual == expected, \"Equality Verification FAILED, actual: \" + str(\n"}, "parameters": [{"name": "actual", "value": "''"}, {"name": "expected", "value": "'10.0'"}], "start": 1666691223887, "stop": 1666691223888}], "parameters": [{"name": "degrees", "value": "'50'"}], "start": 1666691223805, "stop": 1666691223888}], "attachments": [{"source": "b0ba18ec-fbc0-462b-8f9f-b09fa7399859-attachment.png", "type": "image/png"}], "start": 1666691223805, "stop": 1666691223888, "uuid": "83d20113-e06d-4d6f-9d5a-831ce59527d8", "historyId": "e20f7d8b9558341c2149108985ec69ef", "testCaseId": "841f8640c35244d35356155c32c5a0e8", "fullName": "TestCases.test_Electron.Test_ElectronMyApp#test_TC04FahrToCel", "labels": [{"name": "tag", "value": "@pytest.mark.usefixtures('InitElectronDriver')"}, {"name": "parentSuite", "value": "TestCases"}, {"name": "suite", "value": "test_Electron"}, {"name": "subSuite", "value": "Test_ElectronMyApp"}, {"name": "host", "value": "DESKTOP-4TIB2C1"}, {"name": "thread", "value": "14184-MainThread"}, {"name": "framework", "value": "pytest"}, {"name": "language", "value": "cpython3"}, {"name": "package", "value": "TestCases.test_Electron"}]}